c:\users\rick\source\repos\kmdf driver1\kmdf driver1\x64\debug\vc141.pdb
c:\users\rick\source\repos\kmdf driver1\kmdf driver1\x64\debug\driver.obj
c:\users\rick\source\repos\kmdf driver1\x64\debug\kmdf driver1\kmdfdriver1.cat
c:\users\rick\source\repos\kmdf driver1\x64\debug\kmdfdriver1.sys
c:\users\rick\source\repos\kmdf driver1\x64\debug\kmdfdriver1.pdb
c:\users\rick\source\repos\kmdf driver1\kmdf driver1\x64\debug\kmdfdriver1.inf
c:\users\rick\source\repos\kmdf driver1\x64\debug\kmdfdriver1.cer
c:\users\rick\source\repos\kmdf driver1\x64\debug\kmdfdriver1.inf
c:\users\rick\source\repos\kmdf driver1\kmdf driver1\x64\debug\kmdf driver1.tlog\cl.command.1.tlog
c:\users\rick\source\repos\kmdf driver1\kmdf driver1\x64\debug\kmdf driver1.tlog\cl.read.1.tlog
c:\users\rick\source\repos\kmdf driver1\kmdf driver1\x64\debug\kmdf driver1.tlog\cl.write.1.tlog
c:\users\rick\source\repos\kmdf driver1\kmdf driver1\x64\debug\kmdf driver1.tlog\inf2cat-expand.1032.read.1.tlog
c:\users\rick\source\repos\kmdf driver1\kmdf driver1\x64\debug\kmdf driver1.tlog\inf2cat-expand.1032.write.1.tlog
c:\users\rick\source\repos\kmdf driver1\kmdf driver1\x64\debug\kmdf driver1.tlog\inf2cat-expand.18308.read.1.tlog
c:\users\rick\source\repos\kmdf driver1\kmdf driver1\x64\debug\kmdf driver1.tlog\inf2cat-expand.18308.write.1.tlog
c:\users\rick\source\repos\kmdf driver1\kmdf driver1\x64\debug\kmdf driver1.tlog\inf2cat-expand.read.1.tlog
c:\users\rick\source\repos\kmdf driver1\kmdf driver1\x64\debug\kmdf driver1.tlog\inf2cat-expand.write.1.tlog
c:\users\rick\source\repos\kmdf driver1\kmdf driver1\x64\debug\kmdf driver1.tlog\inf2cat.command.1.tlog
c:\users\rick\source\repos\kmdf driver1\kmdf driver1\x64\debug\kmdf driver1.tlog\inf2cat.read.1.tlog
c:\users\rick\source\repos\kmdf driver1\kmdf driver1\x64\debug\kmdf driver1.tlog\inf2cat.write.1.tlog
c:\users\rick\source\repos\kmdf driver1\kmdf driver1\x64\debug\kmdf driver1.tlog\link.command.1.tlog
c:\users\rick\source\repos\kmdf driver1\kmdf driver1\x64\debug\kmdf driver1.tlog\link.read.1.tlog
c:\users\rick\source\repos\kmdf driver1\kmdf driver1\x64\debug\kmdf driver1.tlog\link.write.1.tlog
c:\users\rick\source\repos\kmdf driver1\kmdf driver1\x64\debug\kmdf driver1.tlog\signtool.command.1.tlog
c:\users\rick\source\repos\kmdf driver1\kmdf driver1\x64\debug\kmdf driver1.tlog\signtool.read.1.tlog
c:\users\rick\source\repos\kmdf driver1\kmdf driver1\x64\debug\kmdf driver1.tlog\signtool.timestamp.1.tlog
c:\users\rick\source\repos\kmdf driver1\kmdf driver1\x64\debug\kmdf driver1.tlog\signtool.write.1.tlog
c:\users\rick\source\repos\kmdf driver1\kmdf driver1\x64\debug\kmdf driver1.tlog\stampinf.command.1.tlog
c:\users\rick\source\repos\kmdf driver1\kmdf driver1\x64\debug\kmdf driver1.tlog\stampinf.read.1.tlog
c:\users\rick\source\repos\kmdf driver1\kmdf driver1\x64\debug\kmdf driver1.tlog\stampinf.write.1.tlog
