c:\users\rick\source\repos\sectorio\sectorio\x64\debug\vc141.pdb
c:\users\rick\source\repos\sectorio\sectorio\x64\debug\sector.obj
c:\users\rick\source\repos\sectorio\x64\debug\sectorio.sys
c:\users\rick\source\repos\sectorio\x64\debug\sectorio.pdb
c:\users\rick\source\repos\sectorio\sectorio\x64\debug\sectorio.inf
c:\users\rick\source\repos\sectorio\x64\debug\sectorio.cer
c:\users\rick\source\repos\sectorio\x64\debug\sectorio.inf
c:\users\rick\source\repos\sectorio\sectorio\x64\debug\sectorio.tlog\cl.command.1.tlog
c:\users\rick\source\repos\sectorio\sectorio\x64\debug\sectorio.tlog\cl.read.1.tlog
c:\users\rick\source\repos\sectorio\sectorio\x64\debug\sectorio.tlog\cl.write.1.tlog
c:\users\rick\source\repos\sectorio\sectorio\x64\debug\sectorio.tlog\link.command.1.tlog
c:\users\rick\source\repos\sectorio\sectorio\x64\debug\sectorio.tlog\link.read.1.tlog
c:\users\rick\source\repos\sectorio\sectorio\x64\debug\sectorio.tlog\link.write.1.tlog
c:\users\rick\source\repos\sectorio\sectorio\x64\debug\sectorio.tlog\signtool.command.1.tlog
c:\users\rick\source\repos\sectorio\sectorio\x64\debug\sectorio.tlog\signtool.read.1.tlog
c:\users\rick\source\repos\sectorio\sectorio\x64\debug\sectorio.tlog\signtool.timestamp.1.tlog
c:\users\rick\source\repos\sectorio\sectorio\x64\debug\sectorio.tlog\signtool.write.1.tlog
c:\users\rick\source\repos\sectorio\sectorio\x64\debug\sectorio.tlog\stampinf.command.1.tlog
c:\users\rick\source\repos\sectorio\sectorio\x64\debug\sectorio.tlog\stampinf.read.1.tlog
c:\users\rick\source\repos\sectorio\sectorio\x64\debug\sectorio.tlog\stampinf.write.1.tlog
